2024-08-12 21:34:53,939 [main] INFO CoverFoxTest - Launching the browser
2024-08-12 21:35:09,212 [main] INFO CoverFoxTest - Clicking on get started btn
2024-08-12 21:37:43,500 [main] INFO CoverFoxTest - Launching the browser
2024-08-12 21:37:51,603 [main] INFO CoverFoxTest - Clicking on get started btn
2024-08-12 21:37:56,241 [main] INFO CoverFoxTest - Clicking on the next btn
2024-08-12 21:37:58,423 [main] INFO CoverFoxTest - Selecting age from dropdown
2024-08-12 21:38:42,220 [main] INFO CoverFoxTest - Launching the browser
2024-08-12 21:38:49,612 [main] INFO CoverFoxTest - Clicking on get started btn
2024-08-12 21:38:54,191 [main] INFO CoverFoxTest - Clicking on the next btn
2024-08-12 21:38:56,520 [main] INFO CoverFoxTest - Selecting age from dropdown
2024-08-12 21:38:57,817 [main] INFO CoverFoxTest - CLicking on the next btn
2024-08-12 21:38:59,933 [main] INFO CoverFoxTest - Entring the pincode
2024-08-12 21:39:01,174 [main] INFO CoverFoxTest - Entering the mobile number
2024-08-12 21:39:01,384 [main] INFO CoverFoxTest - Click on continue btn
2024-08-12 21:39:03,526 [main] INFO CoverFoxTest - Validating the no of banners on result page
2024-08-12 21:39:03,526 [main] WARN CoverFoxTest - Number of banners shouldbe equl to the text dispalyed
2024-08-12 21:39:04,260 [main] INFO CoverFoxTest - Validating the presence of sort dropdown on result page
2024-08-12 21:39:04,260 [main] WARN CoverFoxTest - Sort dropdown shouldbe displayed on the result page
2024-08-12 21:39:04,509 [main] INFO CoverFoxTest - Closing the browser..
2024-08-12 22:07:05,728 [main] INFO CoverFoxTest - Launching the browser
2024-08-12 22:07:11,814 [main] INFO CoverFoxTest - Clicking on get started btn
2024-08-12 22:07:16,215 [main] INFO CoverFoxTest - Clicking on the next btn
2024-08-12 22:07:18,262 [main] INFO CoverFoxTest - Selecting age from dropdown
2024-08-12 22:07:19,011 [main] INFO CoverFoxTest - CLicking on the next btn
2024-08-12 22:07:21,064 [main] INFO CoverFoxTest - Entring the pincode
2024-08-12 22:07:21,151 [main] INFO CoverFoxTest - Entering the mobile number
2024-08-12 22:07:21,238 [main] INFO CoverFoxTest - Click on continue btn
2024-08-12 22:07:23,302 [main] INFO CoverFoxTest - Validating the no of banners on result page
2024-08-12 22:07:23,303 [main] WARN CoverFoxTest - Number of banners shouldbe equl to the text dispalyed
2024-08-12 22:07:23,472 [main] INFO CoverFoxTest - Validating the presence of sort dropdown on result page
2024-08-12 22:07:23,472 [main] WARN CoverFoxTest - Sort dropdown shouldbe displayed on the result page
2024-08-12 22:07:23,613 [main] INFO CoverFoxTest - Closing the browser..
2024-08-12 22:08:27,705 [main] INFO CoverFoxTest - Launching the browser
2024-08-12 22:08:35,451 [main] INFO CoverFoxTest - Clicking on get started btn
2024-08-12 22:08:43,369 [main] INFO CoverFoxTest - Clicking on the next btn
2024-08-12 22:08:45,416 [main] INFO CoverFoxTest - Selecting age from dropdown
2024-08-12 22:08:46,026 [main] INFO CoverFoxTest - CLicking on the next btn
2024-08-12 22:08:48,073 [main] INFO CoverFoxTest - Entring the pincode
2024-08-12 22:08:48,165 [main] INFO CoverFoxTest - Entering the mobile number
2024-08-12 22:08:48,252 [main] INFO CoverFoxTest - Click on continue btn
2024-08-12 22:08:50,326 [main] INFO CoverFoxTest - Validating the no of banners on result page
2024-08-12 22:08:50,327 [main] WARN CoverFoxTest - Number of banners shouldbe equl to the text dispalyed
2024-08-12 22:08:50,539 [main] INFO CoverFoxTest - Validating the presence of sort dropdown on result page
2024-08-12 22:08:50,540 [main] WARN CoverFoxTest - Sort dropdown shouldbe displayed on the result page
2024-08-12 22:08:50,689 [main] INFO CoverFoxTest - Closing the browser..
2024-08-12 22:11:15,378 [main] INFO CoverFoxTest - Launching the browser
2024-08-12 22:11:21,496 [main] INFO CoverFoxTest - Clicking on get started btn
2024-08-12 22:11:25,895 [main] INFO CoverFoxTest - Clicking on the next btn
2024-08-12 22:11:27,938 [main] INFO CoverFoxTest - Selecting age from dropdown
2024-08-12 22:11:28,510 [main] INFO CoverFoxTest - CLicking on the next btn
2024-08-12 22:11:30,563 [main] INFO CoverFoxTest - Entring the pincode
2024-08-12 22:11:30,651 [main] INFO CoverFoxTest - Entering the mobile number
2024-08-12 22:11:30,757 [main] INFO CoverFoxTest - Click on continue btn
2024-08-12 22:11:32,828 [main] INFO CoverFoxTest - Validating the no of banners on result page
2024-08-12 22:11:32,829 [main] WARN CoverFoxTest - Number of banners shouldbe equl to the text dispalyed
2024-08-12 22:11:33,007 [main] INFO CoverFoxTest - Validating the presence of sort dropdown on result page
2024-08-12 22:11:33,008 [main] WARN CoverFoxTest - Sort dropdown shouldbe displayed on the result page
2024-08-12 22:11:33,160 [main] INFO CoverFoxTest - Closing the browser..
2024-08-12 22:15:51,724 [main] INFO CoverFoxTest - Launching the browser
2024-08-12 22:15:57,582 [main] INFO CoverFoxTest - Clicking on get started btn
2024-08-12 22:16:02,040 [main] INFO CoverFoxTest - Clicking on the next btn
2024-08-12 22:16:04,092 [main] INFO CoverFoxTest - Selecting age from dropdown
2024-08-12 22:16:04,711 [main] INFO CoverFoxTest - CLicking on the next btn
2024-08-12 22:16:06,762 [main] INFO CoverFoxTest - Entring the pincode
2024-08-12 22:16:06,849 [main] INFO CoverFoxTest - Entering the mobile number
2024-08-12 22:16:06,933 [main] INFO CoverFoxTest - Click on continue btn
2024-08-12 22:16:08,996 [main] INFO CoverFoxTest - Validating the no of banners on result page
2024-08-12 22:16:08,997 [main] WARN CoverFoxTest - Number of banners shouldbe equl to the text dispalyed
2024-08-12 22:16:09,182 [main] INFO CoverFoxTest - Validating the presence of sort dropdown on result page
2024-08-12 22:16:09,183 [main] WARN CoverFoxTest - Sort dropdown shouldbe displayed on the result page
2024-08-12 22:16:09,313 [main] INFO CoverFoxTest - Closing the browser..
2024-08-13 07:01:58,321 [main] INFO CoverFoxTest - Launching the browser
2024-08-13 07:02:05,244 [main] INFO CoverFoxTest - Clicking on get started btn
2024-08-13 07:02:09,723 [main] INFO CoverFoxTest - Clicking on the next btn
2024-08-13 07:02:11,814 [main] INFO CoverFoxTest - Selecting age from dropdown
2024-08-13 07:02:12,794 [main] INFO CoverFoxTest - CLicking on the next btn
2024-08-13 07:02:14,868 [main] INFO CoverFoxTest - Entring the pincode
2024-08-13 07:02:15,012 [main] INFO CoverFoxTest - Entering the mobile number
2024-08-13 07:02:15,131 [main] INFO CoverFoxTest - Click on continue btn
2024-08-13 07:02:17,237 [main] INFO CoverFoxTest - Validating the no of banners on result page
2024-08-13 07:02:17,237 [main] WARN CoverFoxTest - Number of banners shouldbe equl to the text dispalyed
2024-08-13 07:02:17,501 [main] INFO CoverFoxTest - Validating the presence of sort dropdown on result page
2024-08-13 07:02:17,501 [main] WARN CoverFoxTest - Sort dropdown shouldbe displayed on the result page
2024-08-13 07:02:17,730 [main] INFO CoverFoxTest - Closing the browser..
2024-08-19 08:05:22,599 [main] INFO CoverFoxTest - Launching the browser
2024-08-19 08:06:15,911 [main] INFO CoverFoxTest - Launching the browser
2024-08-19 08:06:23,330 [main] INFO CoverFoxTest - Clicking on get started btn
2024-08-19 08:06:27,678 [main] INFO CoverFoxTest - Clicking on the next btn
2024-08-19 08:06:29,734 [main] INFO CoverFoxTest - Selecting age from dropdown
2024-08-19 08:06:30,417 [main] INFO CoverFoxTest - CLicking on the next btn
2024-08-19 08:06:32,466 [main] INFO CoverFoxTest - Entring the pincode
2024-08-19 08:06:59,410 [main] INFO CoverFoxTest - Launching the browser
2024-08-19 08:07:05,882 [main] INFO CoverFoxTest - Clicking on get started btn
2024-08-19 08:07:10,214 [main] INFO CoverFoxTest - Clicking on the next btn
2024-08-19 08:07:12,264 [main] INFO CoverFoxTest - Selecting age from dropdown
2024-08-19 10:34:40,383 [main] INFO CoverFoxTest - Launching the browser
2024-08-19 10:34:50,878 [main] INFO CoverFoxTest - Clicking on get started btn
2024-08-19 10:34:55,457 [main] INFO CoverFoxTest - Clicking on the next btn
2024-08-19 10:36:08,833 [main] INFO CoverFoxTest - Launching the browser
2024-08-19 10:36:15,686 [main] INFO CoverFoxTest - Clicking on get started btn
2024-08-19 10:36:20,210 [main] INFO CoverFoxTest - Clicking on the next btn
2024-08-19 10:36:22,294 [main] INFO CoverFoxTest - Selecting age from dropdown
2024-08-19 10:36:23,327 [main] INFO CoverFoxTest - CLicking on the next btn
2024-08-19 10:36:25,404 [main] INFO CoverFoxTest - Entring the pincode
2024-08-19 10:36:25,557 [main] INFO CoverFoxTest - Entering the mobile number
2024-08-19 10:36:25,700 [main] INFO CoverFoxTest - Click on continue btn
2024-08-19 10:36:27,809 [main] INFO CoverFoxTest - Validating the no of banners on result page
2024-08-19 10:36:27,810 [main] WARN CoverFoxTest - Number of banners shouldbe equl to the text dispalyed
2024-08-19 10:36:28,191 [main] INFO CoverFoxTest - Validating the presence of sort dropdown on result page
2024-08-19 10:36:28,192 [main] WARN CoverFoxTest - Sort dropdown shouldbe displayed on the result page
2024-08-19 10:36:28,395 [main] INFO CoverFoxTest - Closing the browser..
2024-08-19 11:16:25,345 [main] INFO CoverFoxTest - Launching the browser
2024-08-19 11:16:32,396 [main] INFO CoverFoxTest - Clicking on get started btn
2024-08-19 11:16:36,986 [main] INFO CoverFoxTest - Clicking on the next btn
2024-08-19 11:18:21,522 [main] INFO CoverFoxTest - Launching the browser
2024-08-19 11:18:30,804 [main] INFO CoverFoxTest - Clicking on get started btn
2024-08-19 11:18:35,337 [main] INFO CoverFoxTest - Clicking on the next btn
2024-08-19 11:18:37,430 [main] INFO CoverFoxTest - Selecting age from dropdown
2024-08-19 11:18:38,402 [main] INFO CoverFoxTest - CLicking on the next btn
2024-08-19 11:18:40,491 [main] INFO CoverFoxTest - Entring the pincode
2024-08-19 11:18:40,625 [main] INFO CoverFoxTest - Entering the mobile number
2024-08-19 11:18:40,757 [main] INFO CoverFoxTest - Click on continue btn
2024-08-19 11:18:42,860 [main] INFO CoverFoxTest - Validating the no of banners on result page
2024-08-19 11:18:42,860 [main] WARN CoverFoxTest - Number of banners shouldbe equl to the text dispalyed
2024-08-19 11:18:43,147 [main] INFO CoverFoxTest - Validating the presence of sort dropdown on result page
2024-08-19 11:18:43,147 [main] WARN CoverFoxTest - Sort dropdown shouldbe displayed on the result page
2024-08-19 11:18:43,351 [main] INFO CoverFoxTest - Closing the browser..
2024-08-20 07:03:48,190 [main] INFO CoverFoxTest - Launching the browser
2024-08-20 07:03:59,346 [main] INFO CoverFoxTest - Clicking on get started btn
2024-08-20 07:19:23,243 [main] INFO CoverFoxTest - Launching the browser
2024-08-20 07:19:34,757 [main] INFO CoverFoxTest - Clicking on get started btn
2024-08-20 07:19:39,804 [main] INFO CoverFoxTest - Clicking on the next btn
2024-08-20 07:23:08,805 [main] INFO CoverFoxTest - Launching the browser
2024-08-20 07:23:16,602 [main] INFO CoverFoxTest - Clicking on get started btn
2024-08-20 07:23:21,011 [main] INFO CoverFoxTest - Clicking on the next btn
2024-08-20 07:26:06,229 [main] INFO CoverFoxTest - Launching the browser
2024-08-20 07:26:12,048 [main] INFO CoverFoxTest - Clicking on get started btn
2024-08-20 07:26:16,382 [main] INFO CoverFoxTest - Clicking on the next btn
2024-08-20 07:26:18,456 [main] INFO CoverFoxTest - Selecting age from dropdown
2024-08-20 07:26:19,053 [main] INFO CoverFoxTest - CLicking on the next btn
2024-08-20 07:26:21,098 [main] INFO CoverFoxTest - Entring the pincode
2024-08-20 07:26:21,177 [main] INFO CoverFoxTest - Entering the mobile number
2024-08-20 07:26:21,248 [main] INFO CoverFoxTest - Click on continue btn
2024-08-20 07:26:23,313 [main] INFO CoverFoxTest - Validating the no of banners on result page
2024-08-20 07:26:23,314 [main] WARN CoverFoxTest - Number of banners shouldbe equl to the text dispalyed
2024-08-20 07:26:23,480 [main] INFO CoverFoxTest - Validating the presence of sort dropdown on result page
2024-08-20 07:26:23,480 [main] WARN CoverFoxTest - Sort dropdown shouldbe displayed on the result page
2024-08-20 07:26:23,627 [main] INFO CoverFoxTest - Closing the browser..
